Jun 25, 2015 10:02:19 PM jirtbioss.core.server.LoginServiceImpl login
INFO: testuser2 logged in successfully
Jun 27, 2015 7:24:03 PM jirtbioss.core.server.LoginServiceImpl login
INFO: munemu82 logged in successfully
Jun 28, 2015 7:03:42 AM jirtbioss.core.server.LoginServiceImpl login
INFO: munemu82 logged in successfully
Jun 28, 2015 8:50:35 AM jirtbioss.core.server.LoginServiceImpl login
INFO: munemu82 logged in successfully
Jun 28, 2015 1:16:03 PM jirtbioss.core.server.LoginServiceImpl login
INFO: munemu82 logged in successfully
Jun 28, 2015 1:17:33 PM jirtbioss.core.server.LoginServiceImpl login
INFO: munemu82 logged in successfully
Jun 29, 2015 6:21:29 AM jirtbioss.core.server.LoginServiceImpl login
INFO: munemu82 logged in successfully
Jun 29, 2015 8:41:03 AM jirtbioss.core.server.LoginServiceImpl login
INFO: munemu82 logged in successfully
Jun 30, 2015 6:20:06 PM jirtbioss.core.server.LoginServiceImpl login
INFO: munemu82 logged in successfully
Jun 30, 2015 8:56:50 PM jirtbioss.core.server.LoginServiceImpl login
INFO: munemu82 logged in successfully
Jun 30, 2015 10:01:43 PM jirtbioss.core.server.LoginServiceImpl login
INFO: munemu82 logged in successfully
Jun 30, 2015 11:04:00 PM jirtbioss.core.server.LoginServiceImpl login
INFO: munemu82 logged in successfully
Jul 01, 2015 5:57:08 AM jirtbioss.core.server.LoginServiceImpl login
INFO: munemu82 logged in successfully
Jul 01, 2015 8:50:03 AM jirtbioss.core.server.LoginServiceImpl login
INFO: munemu82 logged in successfully
Jul 01, 2015 5:39:20 PM jirtbioss.core.server.LoginServiceImpl login
INFO: munemu82 logged in successfully
Jul 01, 2015 6:48:41 PM jirtbioss.core.server.LoginServiceImpl login
INFO: munemu82 logged in successfully
Jul 01, 2015 8:54:00 PM jirtbioss.core.server.LoginServiceImpl login
INFO: munemu82 logged in successfully
Jul 01, 2015 9:55:20 PM jirtbioss.core.server.LoginServiceImpl login
INFO: munemu82 logged in successfully
Jul 02, 2015 9:11:35 AM jirtbioss.core.server.LoginServiceImpl login
INFO: munemu82 logged in successfully
Jul 02, 2015 5:13:43 PM jirtbioss.core.server.LoginServiceImpl login
INFO: munemu82 logged in successfully
Jul 02, 2015 6:15:29 PM jirtbioss.core.server.LoginServiceImpl login
INFO: munemu82 logged in successfully
Jul 02, 2015 6:35:48 PM jirtbioss.core.server.LoginServiceImpl login
INFO: testuser2 logged in successfully
Jul 02, 2015 7:46:53 PM jirtbioss.core.server.LoginServiceImpl login
INFO: testuser2 logged in successfully
Jul 02, 2015 7:46:53 PM jirtbioss.core.server.LoginServiceImpl login
INFO: testuser2 logged in successfully
Jul 02, 2015 9:32:31 PM jirtbioss.core.server.LoginServiceImpl login
INFO: munemu82 logged in successfully
Jul 03, 2015 7:59:55 AM jirtbioss.core.server.LoginServiceImpl login
INFO: munemu82 logged in successfully
Jul 03, 2015 8:33:04 AM jirtbioss.core.server.LoginServiceImpl login
INFO: munemu82 logged in successfully
Jul 03, 2015 5:15:43 PM jirtbioss.core.server.LoginServiceImpl login
INFO: munemu82 logged in successfully
Jul 03, 2015 8:28:26 PM jirtbioss.core.server.LoginServiceImpl login
INFO: munemu82 logged in successfully
Jul 03, 2015 10:49:22 PM jirtbioss.core.server.LoginServiceImpl login
INFO: munemu82 logged in successfully
Jul 04, 2015 4:06:57 PM jirtbioss.core.server.LoginServiceImpl login
INFO: munemu82 logged in successfully
Jul 04, 2015 5:10:57 PM jirtbioss.core.server.LoginServiceImpl login
INFO: munemu82 logged in successfully
Jul 04, 2015 6:11:28 PM jirtbioss.core.server.LoginServiceImpl login
INFO: munemu82 logged in successfully
Jul 05, 2015 10:04:04 AM jirtbioss.core.server.LoginServiceImpl login
INFO: munemu82 logged in successfully
Jul 05, 2015 10:04:04 AM jirtbioss.core.server.LoginServiceImpl login
INFO: munemu82 logged in successfully
Jul 05, 2015 11:43:02 AM jirtbioss.core.server.LoginServiceImpl login
INFO: munemu82 logged in successfully
Jul 05, 2015 12:59:27 PM jirtbioss.core.server.LoginServiceImpl login
INFO: munemu82 logged in successfully
Jul 05, 2015 2:34:26 PM jirtbioss.core.server.LoginServiceImpl login
INFO: munemu82 logged in successfully
Jul 05, 2015 3:39:33 PM jirtbioss.core.server.LoginServiceImpl login
INFO: munemu82 logged in successfully
Jul 05, 2015 4:42:32 PM jirtbioss.core.server.LoginServiceImpl login
INFO: munemu82 logged in successfully
